
> rivue.ai@0.1.0 serve
> vue-cli-service serve --no-hot

 INFO  Starting development server...
[3%] setup (watch run)
[2K[1A[2K[G[3%] setup (watch run vue-loader-plugin)
[2K[1A[2K[G[3%] setup (watch run ESLintWebpackPlugin_1)
[2K[1A[2K[G[3%] setup (watch run ForkTsCheckerWebpackPlugin)
[2K[1A[2K[G[3%] setup (watch run webpack-dev-middleware)
[2K[1A[2K[G[3%] setup (watch run)
[2K[1A[2K[G[4%] setup (normal module factory)
[2K[1A[2K[G[4%] setup (normal module factory CaseSensitivePathsPlugin)
[2K[1A[2K[G[4%] setup (normal module factory)
[2K[1A[2K[G[5%] setup (context module factory)
[2K[1A[2K[G[6%] setup (before compile)
[2K[1A[2K[G[6%] setup (before compile ProgressPlugin)
[2K[1A[2K[G[6%] setup (before compile)
[2K[1A[2K[G[7%] setup (compile)
[2K[1A[2K[G[7%] setup (compile ExternalsPlugin)
[2K[1A[2K[G[7%] setup (compile)
[2K[1A[2K[G[8%] setup (compilation)
[2K[1A[2K[G[8%] setup (compilation HtmlWebpackPlugin)
[2K[1A[2K[G[8%] setup (compilation CopyPlugin)
[2K[1A[2K[G[8%] setup (compilation ArrayPushCallbackChunkFormatPlugin)
[2K[1A[2K[G[8%] setup (compilation JsonpChunkLoadingPlugin)
[2K[1A[2K[G[8%] setup (compilation StartupChunkDependenciesPlugin)
[2K[1A[2K[G[8%] setup (compilation ImportScriptsChunkLoadingPlugin)
[2K[1A[2K[G[8%] setup (compilation WorkerPlugin)
[2K[1A[2K[G[8%] setup (compilation SplitChunksPlugin)
[2K[1A[2K[G[8%] setup (compilation ResolverCachePlugin)
[2K[1A[2K[G[8%] setup (compilation)
[2K[1A[2K[G[9%] setup (compilation)
[2K[1A[2K[G[9%] setup (compilation vue-loader-plugin)
[2K[1A[2K[G[9%] setup (compilation DefinePlugin)
[2K[1A[2K[G[9%] setup (compilation ForkTsCheckerWebpackPlugin)
[2K[1A[2K[G[9%] setup (compilation ProgressPlugin)
[2K[1A[2K[G[9%] setup (compilation EntryPlugin)
[2K[1A[2K[G[9%] setup (compilation ChunkPrefetchPreloadPlugin)
[2K[1A[2K[G[9%] setup (compilation ModuleInfoHeaderPlugin)
[2K[1A[2K[G[9%] setup (compilation EvalSourceMapDevToolPlugin)
[2K[1A[2K[G[9%] setup (compilation JavascriptModulesPlugin)
[2K[1A[2K[G[9%] setup (compilation JsonModulesPlugin)
[2K[1A[2K[G[9%] setup (compilation AssetModulesPlugin)
[2K[1A[2K[G[9%] setup (compilation EntryPlugin)
[2K[1A[2K[G[9%] setup (compilation RuntimePlugin)
[2K[1A[2K[G[9%] setup (compilation InferAsyncModulesPlugin)
[2K[1A[2K[G[9%] setup (compilation DataUriPlugin)
[2K[1A[2K[G[9%] setup (compilation FileUriPlugin)
[2K[1A[2K[G[9%] setup (compilation CompatibilityPlugin)
[2K[1A[2K[G[9%] setup (compilation HarmonyModulesPlugin)
[2K[1A[2K[G[9%] setup (compilation AMDPlugin)
[2K[1A[2K[G[9%] setup (compilation RequireJsStuffPlugin)
[2K[1A[2K[G[9%] setup (compilation CommonJsPlugin)
[2K[1A[2K[G[9%] setup (compilation LoaderPlugin)
[2K[1A[2K[G[9%] setup (compilation NodeStuffPlugin)
[2K[1A[2K[G[9%] setup (compilation APIPlugin)
[2K[1A[2K[G[9%] setup (compilation ExportsInfoApiPlugin)
[2K[1A[2K[G[9%] setup (compilation WebpackIsIncludedPlugin)
[2K[1A[2K[G[9%] setup (compilation ConstPlugin)
[2K[1A[2K[G[9%] setup (compilation UseStrictPlugin)
[2K[1A[2K[G[9%] setup (compilation RequireIncludePlugin)
[2K[1A[2K[G[9%] setup (compilation RequireEnsurePlugin)
[2K[1A[2K[G[9%] setup (compilation RequireContextPlugin)
[2K[1A[2K[G[9%] setup (compilation ImportPlugin)
[2K[1A[2K[G[9%] setup (compilation ImportMetaContextPlugin)
[2K[1A[2K[G[9%] setup (compilation SystemPlugin)
[2K[1A[2K[G[9%] setup (compilation ImportMetaPlugin)
[2K[1A[2K[G[9%] setup (compilation URLPlugin)
[2K[1A[2K[G[9%] setup (compilation DefaultStatsFactoryPlugin)
[2K[1A[2K[G[9%] setup (compilation DefaultStatsPresetPlugin)
[2K[1A[2K[G[9%] setup (compilation DefaultStatsPrinterPlugin)
[2K[1A[2K[G[9%] setup (compilation JavascriptMetaInfoPlugin)
[2K[1A[2K[G[9%] setup (compilation EnsureChunkConditionsPlugin)
[2K[1A[2K[G[9%] setup (compilation RemoveEmptyChunksPlugin)
[2K[1A[2K[G[9%] setup (compilation MergeDuplicateChunksPlugin)
[2K[1A[2K[G[9%] setup (compilation SideEffectsFlagPlugin)
[2K[1A[2K[G[9%] setup (compilation FlagDependencyExportsPlugin)
[2K[1A[2K[G[9%] setup (compilation NamedModuleIdsPlugin)
[2K[1A[2K[G[9%] setup (compilation NamedChunkIdsPlugin)
[2K[1A[2K[G[9%] setup (compilation DefinePlugin)
[2K[1A[2K[G[9%] setup (compilation TemplatedPathPlugin)
[2K[1A[2K[G[9%] setup (compilation RecordIdsPlugin)
[2K[1A[2K[G[9%] setup (compilation WarnCaseSensitiveModulesPlugin)
[2K[1A[2K[G[9%] setup (compilation ESLintWebpackPlugin_1)
[2K[1A[2K[G[9%] setup (compilation)
[2K[1A[2K[G[10%] building 
[2K[1A[2K[G[10%] building (0/0 modules)
[2K[1A[2K[G[38%] building (0/0 modules)
[2K[1A[2K[G[65%] building (1/1 modules)
[2K[1A[2K[G[65%] building 
[2K[1A[2K[G[69%] building (finish)
[2K[1A[2K[G[70%] sealing (finish module graph)
[2K[1A[2K[G[70%] sealing (finish module graph ResolverCachePlugin)
[2K[1A[2K[G[70%] sealing (finish module graph InferAsyncModulesPlugin)
[2K[1A[2K[G[70%] sealing (finish module graph FlagDependencyExportsPlugin)
[2K[1A[2K[G[70%] sealing (finish module graph ESLintWebpackPlugin_1)
[2K[1A[2K[G[70%] sealing (finish module graph)
[2K[1A[2K[G[71%] sealing (plugins)
[2K[1A[2K[G[71%] sealing (plugins WarnCaseSensitiveModulesPlugin)
[2K[1A[2K[G[71%] sealing (plugins)
[2K[1A[2K[G[71%] sealing (dependencies optimization)
[2K[1A[2K[G[71%] sealing (dependencies optimization SideEffectsFlagPlugin)
[2K[1A[2K[G[71%] sealing (dependencies optimization)
[2K[1A[2K[G[72%] sealing (after dependencies optimization)
[2K[1A[2K[G[73%] sealing (chunk graph)
[2K[1A[2K[G[73%] sealing (after chunk graph)
[2K[1A[2K[G[74%] sealing (optimizing)
[2K[1A[2K[G[74%] sealing (module optimization)
[2K[1A[2K[G[75%] sealing (after module optimization)
[2K[1A[2K[G[76%] sealing (chunk optimization)
[2K[1A[2K[G[76%] sealing (chunk optimization EnsureChunkConditionsPlugin)
[2K[1A[2K[G[76%] sealing (chunk optimization RemoveEmptyChunksPlugin)
[2K[1A[2K[G[76%] sealing (chunk optimization MergeDuplicateChunksPlugin)
[2K[1A[2K[G[76%] sealing (chunk optimization SplitChunksPlugin)
[2K[1A[2K[G[76%] sealing (chunk optimization RemoveEmptyChunksPlugin)
[2K[1A[2K[G[76%] sealing (chunk optimization)
[2K[1A[2K[G[76%] sealing (after chunk optimization)
[2K[1A[2K[G[77%] sealing (module and chunk tree optimization)
[2K[1A[2K[G[77%] sealing (module and chunk tree optimization PersistentChildCompilerSinglet
onPlugin)
[2K[1A[2K[1A[2K[G[77%] sealing (module and chunk tree optimization)
[2K[1A[2K[G[78%] sealing (after module and chunk tree optimization)
[2K[1A[2K[G[78%] sealing (chunk modules optimization)
[2K[1A[2K[G[79%] sealing (after chunk modules optimization)
[2K[1A[2K[G[80%] sealing (module reviving)
[2K[1A[2K[G[80%] sealing (module reviving RecordIdsPlugin)
[2K[1A[2K[G[80%] sealing (module reviving)
[2K[1A[2K[G[80%] sealing (before module ids)
[2K[1A[2K[G[81%] sealing (module ids)
[2K[1A[2K[G[81%] sealing (module ids NamedModuleIdsPlugin)
[2K[1A[2K[G[81%] sealing (module ids)
[2K[1A[2K[G[82%] sealing (module id optimization)
[2K[1A[2K[G[82%] sealing (module id optimization)
[2K[1A[2K[G[83%] sealing (chunk reviving)
[2K[1A[2K[G[83%] sealing (chunk reviving RecordIdsPlugin)
[2K[1A[2K[G[83%] sealing (chunk reviving)
[2K[1A[2K[G[83%] sealing (before chunk ids)
[2K[1A[2K[G[84%] sealing (chunk ids)
[2K[1A[2K[G[84%] sealing (chunk ids NamedChunkIdsPlugin)
[2K[1A[2K[G[84%] sealing (chunk ids)
[2K[1A[2K[G[85%] sealing (chunk id optimization)
[2K[1A[2K[G[85%] sealing (after chunk id optimization)
[2K[1A[2K[G[86%] sealing (record modules)
[2K[1A[2K[G[86%] sealing (record modules RecordIdsPlugin)
[2K[1A[2K[G[86%] sealing (record modules)
[2K[1A[2K[G[87%] sealing (record chunks)
[2K[1A[2K[G[87%] sealing (record chunks RecordIdsPlugin)
[2K[1A[2K[G[87%] sealing (record chunks)
[2K[1A[2K[G[87%] sealing (module hashing)
[2K[1A[2K[G[88%] sealing (code generation)
[2K[1A[2K[G[89%] sealing (runtime requirements)
[2K[1A[2K[G[89%] sealing (hashing)
[2K[1A[2K[G[90%] sealing (after hashing)
[2K[1A[2K[G[91%] sealing (record hash)
[2K[1A[2K[G[91%] sealing (module assets processing)
[2K[1A[2K[G[92%] sealing (chunk assets processing)
[2K[1A[2K[G[92%] sealing (asset processing)
[2K[1A[2K[G[92%] sealing (asset processing copy-webpack-plugin)
[2K[1A[2K[G[92%] sealing (asset processing ESLintWebpackPlugin_1)
[2K[1A[2K[G[92%] sealing (asset processing PersistentChildCompilerSingletonPlugin)
[2K[1A[2K[G[92%] sealing (asset processing HtmlWebpackPlugin)
[2K[1A[2K[G[92%] sealing (asset processing)
[2K[1A[2K[G[93%] sealing (after asset optimization)
[2K[1A[2K[G[94%] sealing (recording)
[2K[1A[2K[G[94%] sealing (after seal)
[2K[1A[2K[G[95%] emitting (emit)
[2K[1A[2K[G[98%] emitting (after emit)
[2K[1A[2K[GBuild finished at 14:37:47 by 0.000s
[2K[1A[2K[GBuild finished at 14:37:47 by 0.000s
[2K[1A[2K[GBuild finished at 14:37:47 by 0.000s
[2K[1A[2K[G ERROR  Failed to compile with 1 error2:37:47 PM

 error  

Module not found: Error: Can't resolve '/Users/willgunter/Projects/Gamefied-Study-Tool/frontend/src/main.js' in '/Users/willgunter/Projects/Gamefied-Study-Tool/frontend'

Build finished at 14:37:47 by 0.000s
[2K[1A[2K[GBuild finished at 14:37:47 by 0.000s
[2K[1A[2K[GBuild finished at 14:37:47 by 0.000s
[2K[1A[2K[GBuild finished at 14:37:47 by 0.000s
[2K[1A[2K[GBuild finished at 14:37:47 by 0.000s
[2K[1A[2K[GBuild finished at 14:37:47 by 0.000s
[2K[1A[2K[GBuild finished at 14:37:47 by 0.000s
[2K[1A[2K[GBuild finished at 14:37:47 by 0.000s
[2K[1A[2K[GBuild finished at 14:37:47 by 0.000s
[2K[1A[2K[GBuild finished at 14:37:47 by 0.000s
[2K[1A[2K[GBuild finished at 14:37:47 by 0.000s
[2K[1A[2K[GERROR in index
Module not found: Error: Can't resolve '/Users/willgunter/Projects/Gamefied-Study-Tool/frontend/src/main.js' in '/Users/willgunter/Projects/Gamefied-Study-Tool/frontend'

webpack compiled with 1 error
Issues checking in progress...
ERROR in src/App.vue:36:30
TS2307: Cannot find module '@/store/authStore.Ts' or its corresponding type declarations.
    34 | import MentorSelection from "./components/Backstage/MentorSelection.vue";
    35 | import HomePage from './components/Footer/HomePage.vue';
  > 36 | import { useAuthStore } from "@/store/authStore.Ts";
       |                              ^^^^^^^^^^^^^^^^^^^^^^
    37 | import { useMenuStore } from "@/store/menuStore";
    38 | import { useThemeStore } from "@/store/themeStore";
    39 | import { useMessageStore } from "@/store/messageStore";

ERROR in src/App.vue:64:14
TS2339: Property 'handleVisibilityChange' does not exist on type '{ name: string; data(): { lastVisible: Date; }; components: { TopBar: { name: string; computed: { logoPath(): typeof import("*.png"); pageTitle(): string; }; methods: { toggleSideMenu(): void; }; }; SideMenu: {}; ... 6 more ...; LoadingComponent: { ...; }; }; ... 4 more ...; methods: { ...; }; }'.
    62 |     },
    63 |     mounted() {
  > 64 |         this.handleVisibilityChange = () => {
       |              ^^^^^^^^^^^^^^^^^^^^^^
    65 |             if (document.visibilityState === "visible") {
    66 |                 const now = new Date();
    67 |                 const timeDifference = (now - this.lastVisible) / 1000 / 60;

ERROR in src/App.vue:67:41
TS2362: The left-hand side of an arithmetic operation must be of type 'any', 'number', 'bigint' or an enum type.
    65 |             if (document.visibilityState === "visible") {
    66 |                 const now = new Date();
  > 67 |                 const timeDifference = (now - this.lastVisible) / 1000 / 60;
       |                                         ^^^
    68 |                 if (timeDifference >= 20) {
    69 |                     // 20 minutes afk to reload
    70 |                     window.location.reload();

ERROR in src/App.vue:67:52
TS2339: Property 'lastVisible' does not exist on type '{ name: string; data(): { lastVisible: Date; }; components: { TopBar: { name: string; computed: { logoPath(): typeof import("*.png"); pageTitle(): string; }; methods: { toggleSideMenu(): void; }; }; SideMenu: {}; ... 6 more ...; LoadingComponent: { ...; }; }; ... 4 more ...; methods: { ...; }; }'.
    65 |             if (document.visibilityState === "visible") {
    66 |                 const now = new Date();
  > 67 |                 const timeDifference = (now - this.lastVisible) / 1000 / 60;
       |                                                    ^^^^^^^^^^^
    68 |                 if (timeDifference >= 20) {
    69 |                     // 20 minutes afk to reload
    70 |                     window.location.reload();

ERROR in src/App.vue:73:22
TS2339: Property 'lastVisible' does not exist on type '{ name: string; data(): { lastVisible: Date; }; components: { TopBar: { name: string; computed: { logoPath(): typeof import("*.png"); pageTitle(): string; }; methods: { toggleSideMenu(): void; }; }; SideMenu: {}; ... 6 more ...; LoadingComponent: { ...; }; }; ... 4 more ...; methods: { ...; }; }'.
    71 |                 }
    72 |             } else {
  > 73 |                 this.lastVisible = new Date();
       |                      ^^^^^^^^^^^
    74 |             }
    75 |         };
    76 |         

ERROR in src/App.vue:77:60
TS2339: Property 'handleVisibilityChange' does not exist on type '{ name: string; data(): { lastVisible: Date; }; components: { TopBar: { name: string; computed: { logoPath(): typeof import("*.png"); pageTitle(): string; }; methods: { toggleSideMenu(): void; }; }; SideMenu: {}; ... 6 more ...; LoadingComponent: { ...; }; }; ... 4 more ...; methods: { ...; }; }'.
    75 |         };
    76 |         
  > 77 |         document.addEventListener("visibilitychange", this.handleVisibilityChange);
       |                                                            ^^^^^^^^^^^^^^^^^^^^^^
    78 |
    79 |         const authStore = useAuthStore();
    80 |         authStore.checkAuth();

ERROR in src/App.vue:82:29
TS2339: Property '$router' does not exist on type '{ name: string; data(): { lastVisible: Date; }; components: { TopBar: { name: string; computed: { logoPath(): typeof import("*.png"); pageTitle(): string; }; methods: { toggleSideMenu(): void; }; }; SideMenu: {}; ... 6 more ...; LoadingComponent: { ...; }; }; ... 4 more ...; methods: { ...; }; }'.
    80 |         authStore.checkAuth();
    81 |
  > 82 |         const router = this.$router;
       |                             ^^^^^^^
    83 |         if (window.location.search === "?awake") {
    84 |             router.push("/");
    85 |         }

ERROR in src/App.vue:91:18
TS2339: Property 'handleVisibilityChange' does not exist on type '{ name: string; data(): { lastVisible: Date; }; components: { TopBar: { name: string; computed: { logoPath(): typeof import("*.png"); pageTitle(): string; }; methods: { toggleSideMenu(): void; }; }; SideMenu: {}; ... 6 more ...; LoadingComponent: { ...; }; }; ... 4 more ...; methods: { ...; }; }'.
    89 |         document.removeEventListener(
    90 |             "visibilitychange",
  > 91 |             this.handleVisibilityChange
       |                  ^^^^^^^^^^^^^^^^^^^^^^
    92 |         );
    93 |     },
    94 |     computed: {

ERROR in src/App.vue:95:9
TS7023: 'hideHeaderFooter' implicitly has return type 'any' because it does not have a return type annotation and is referenced directly or indirectly in one of its return expressions.
    93 |     },
    94 |     computed: {
  > 95 |         hideHeaderFooter() {
       |         ^^^^^^^^^^^^^^^^
    96 |             return this.$route.meta.hideHeaderFooter;
    97 |         },
    98 |         forceUpdateKey() {

ERROR in src/App.vue:96:25
TS2339: Property '$route' does not exist on type '{ hideHeaderFooter(): any; forceUpdateKey(): number; themeClass(): "" | "light-theme"; loggedIn(): any; shouldShowChat(): any; shouldShowRouterView(): any; subheaderExists(): boolean; useLoadingStore(): Store<...>; }'.
    94 |     computed: {
    95 |         hideHeaderFooter() {
  > 96 |             return this.$route.meta.hideHeaderFooter;
       |                         ^^^^^^
    97 |         },
    98 |         forceUpdateKey() {
    99 |             const messageStore = useMessageStore();

ERROR in src/App.vue:110:9
TS7023: 'shouldShowChat' implicitly has return type 'any' because it does not have a return type annotation and is referenced directly or indirectly in one of its return expressions.
    108 |             return authStore.loggedIn;
    109 |         },
  > 110 |         shouldShowChat() {
        |         ^^^^^^^^^^^^^^
    111 |             const path = this.$route.path;
    112 |             return (
    113 |                 path === "/lessons" ||

ERROR in src/App.vue:111:19
TS7022: 'path' implicitly has type 'any' because it does not have a type annotation and is referenced directly or indirectly in its own initializer.
    109 |         },
    110 |         shouldShowChat() {
  > 111 |             const path = this.$route.path;
        |                   ^^^^
    112 |             return (
    113 |                 path === "/lessons" ||
    114 |                 path.includes("/lesson/") ||

ERROR in src/App.vue:111:31
TS2339: Property '$route' does not exist on type '{ hideHeaderFooter(): any; forceUpdateKey(): number; themeClass(): "" | "light-theme"; loggedIn(): any; shouldShowChat(): any; shouldShowRouterView(): any; subheaderExists(): boolean; useLoadingStore(): Store<...>; }'.
    109 |         },
    110 |         shouldShowChat() {
  > 111 |             const path = this.$route.path;
        |                               ^^^^^^
    112 |             return (
    113 |                 path === "/lessons" ||
    114 |                 path.includes("/lesson/") ||

ERROR in src/App.vue:118:9
TS7023: 'shouldShowRouterView' implicitly has return type 'any' because it does not have a return type annotation and is referenced directly or indirectly in one of its return expressions.
    116 |             );
    117 |         },
  > 118 |         shouldShowRouterView() {
        |         ^^^^^^^^^^^^^^^^^^^^
    119 |             return this.$route.path !== "/";
    120 |         },
    121 |         subheaderExists() {

ERROR in src/App.vue:119:25
TS2339: Property '$route' does not exist on type '{ hideHeaderFooter(): any; forceUpdateKey(): number; themeClass(): "" | "light-theme"; loggedIn(): any; shouldShowChat(): any; shouldShowRouterView(): any; subheaderExists(): boolean; useLoadingStore(): Store<...>; }'.
    117 |         },
    118 |         shouldShowRouterView() {
  > 119 |             return this.$route.path !== "/";
        |                         ^^^^^^
    120 |         },
    121 |         subheaderExists() {
    122 |             const messageStore = useMessageStore();

ERROR in src/App.vue:130:18
TS7006: Parameter 'newValue' implicitly has an 'any' type.
    128 |     },
    129 |     watch: {
  > 130 |         loggedIn(newValue) {
        |                  ^^^^^^^^
    131 |             if (!newValue) {
    132 |                 console.debug("login from app");
    133 |                 this.$router.push("/login");

ERROR in src/App.vue:133:22
TS2339: Property '$router' does not exist on type '{ loggedIn(newValue: any): void; "$route.path": () => void; }'.
    131 |             if (!newValue) {
    132 |                 console.debug("login from app");
  > 133 |                 this.$router.push("/login");
        |                      ^^^^^^^
    134 |             }
    135 |             if (newValue && this.shouldShowChat) {
    136 |                 // console.log("login fetch");

ERROR in src/App.vue:135:34
TS2339: Property 'shouldShowChat' does not exist on type '{ loggedIn(newValue: any): void; "$route.path": () => void; }'.
    133 |                 this.$router.push("/login");
    134 |             }
  > 135 |             if (newValue && this.shouldShowChat) {
        |                                  ^^^^^^^^^^^^^^
    136 |                 // console.log("login fetch");
    137 |
    138 |                 const messageStore = useMessageStore();

ERROR in src/App.vue:139:55
TS2339: Property '$route' does not exist on type '{ loggedIn(newValue: any): void; "$route.path": () => void; }'.
    137 |
    138 |                 const messageStore = useMessageStore();
  > 139 |                 messageStore.fetchRecentMessages(this.$route.path);
        |                                                       ^^^^^^
    140 |             }
    141 |         },
    142 |         "$route.path": function () {

ERROR in src/App.vue:144:22
TS2339: Property 'shouldShowChat' does not exist on type '{ loggedIn(newValue: any): void; "$route.path": () => void; }'.
    142 |         "$route.path": function () {
    143 |             // console.log(this.$route.path);
  > 144 |             if (this.shouldShowChat) {
        |                      ^^^^^^^^^^^^^^
    145 |                 const messageStore = useMessageStore();
    146 |                 messageStore.fetchRecentMessages(this.$route.path);
    147 |             } else {

ERROR in src/App.vue:146:55
TS2339: Property '$route' does not exist on type '{ loggedIn(newValue: any): void; "$route.path": () => void; }'.
    144 |             if (this.shouldShowChat) {
    145 |                 const messageStore = useMessageStore();
  > 146 |                 messageStore.fetchRecentMessages(this.$route.path);
        |                                                       ^^^^^^
    147 |             } else {
    148 |                 window.scrollTo(0, 0);
    149 |             }

ERROR in src/App.vue:162:18
TS7006: Parameter 'event' implicitly has an 'any' type.
    160 |     },
    161 |     methods: {
  > 162 |         onScroll(event) {
        |                  ^^^^^
    163 |             const scrollStore = useScrollStore();
    164 |             scrollStore.scrollTop = event.target.scrollTop;
    165 |         },

ERROR in src/components/Auth/AdminPage.vue:50:5
TS7023: 'feedback' implicitly has return type 'any' because it does not have a return type annotation and is referenced directly or indirectly in one of its return expressions.
    48 |   name: 'AdminPage',
    49 |   computed: {
  > 50 |     feedback() {
       |     ^^^^^^^^
    51 |       return this.adminStore.feedback;
    52 |     },
    53 |     userEmails() {

ERROR in src/components/Auth/AdminPage.vue:51:19
TS2339: Property 'adminStore' does not exist on type '{ feedback(): any; userEmails(): any; error(): any; totalEmails(): number; }'.
    49 |   computed: {
    50 |     feedback() {
  > 51 |       return this.adminStore.feedback;
       |                   ^^^^^^^^^^
    52 |     },
    53 |     userEmails() {
    54 |       return this.adminStore.userEmails;

ERROR in src/components/Auth/AdminPage.vue:53:5
TS7023: 'userEmails' implicitly has return type 'any' because it does not have a return type annotation and is referenced directly or indirectly in one of its return expressions.
    51 |       return this.adminStore.feedback;
    52 |     },
  > 53 |     userEmails() {
       |     ^^^^^^^^^^
    54 |       return this.adminStore.userEmails;
    55 |     },
    56 |     error() {

ERROR in src/components/Auth/AdminPage.vue:54:19
TS2339: Property 'adminStore' does not exist on type '{ feedback(): any; userEmails(): any; error(): any; totalEmails(): number; }'.
    52 |     },
    53 |     userEmails() {
  > 54 |       return this.adminStore.userEmails;
       |                   ^^^^^^^^^^
    55 |     },
    56 |     error() {
    57 |       return this.adminStore.error;

ERROR in src/components/Auth/AdminPage.vue:56:5
TS7023: 'error' implicitly has return type 'any' because it does not have a return type annotation and is referenced directly or indirectly in one of its return expressions.
    54 |       return this.adminStore.userEmails;
    55 |     },
  > 56 |     error() {
       |     ^^^^^
    57 |       return this.adminStore.error;
    58 |     },
    59 |     totalEmails() {

ERROR in src/components/Auth/AdminPage.vue:57:19
TS2339: Property 'adminStore' does not exist on type '{ feedback(): any; userEmails(): any; error(): any; totalEmails(): number; }'.
    55 |     },
    56 |     error() {
  > 57 |       return this.adminStore.error;
       |                   ^^^^^^^^^^
    58 |     },
    59 |     totalEmails() {
    60 |       return this.userEmails.length;

ERROR in src/components/Auth/AdminPage.vue:71:10
TS2339: Property 'adminStore' does not exist on type '{ name: string; computed: { feedback(): any; userEmails(): any; error(): any; totalEmails(): number; }; setup(): { adminStore: Store<"admin", { feedback: never[]; userEmails: never[]; error: unknown; }, {}, { ...; }>; }; mounted(): void; }'.
    69 |   },
    70 |   mounted() {
  > 71 |     this.adminStore.fetchFeedback();
       |          ^^^^^^^^^^
    72 |     this.adminStore.fetchUserEmails();
    73 |   }
    74 | };

ERROR in src/components/Auth/AdminPage.vue:72:10
TS2339: Property 'adminStore' does not exist on type '{ name: string; computed: { feedback(): any; userEmails(): any; error(): any; totalEmails(): number; }; setup(): { adminStore: Store<"admin", { feedback: never[]; userEmails: never[]; error: unknown; }, {}, { ...; }>; }; mounted(): void; }'.
    70 |   mounted() {
    71 |     this.adminStore.fetchFeedback();
  > 72 |     this.adminStore.fetchUserEmails();
       |          ^^^^^^^^^^
    73 |   }
    74 | };
    75 | </script>

ERROR in src/components/Auth/LoginForm.vue:51:12
TS2339: Property 'buttonText' does not exist on type '{ handleSubmit(): void; }'.
    49 |   methods: {
    50 |     handleSubmit() {
  > 51 |       this.buttonText = "Loading...";
       |            ^^^^^^^^^^
    52 |       const formData = new FormData();
    53 |       formData.append("email", this.email);
    54 |       formData.append("password", this.password);

ERROR in src/components/Auth/LoginForm.vue:53:37
TS2339: Property 'email' does not exist on type '{ handleSubmit(): void; }'.
    51 |       this.buttonText = "Loading...";
    52 |       const formData = new FormData();
  > 53 |       formData.append("email", this.email);
       |                                     ^^^^^
    54 |       formData.append("password", this.password);
    55 |
    56 |       axios.post("api/login", formData)

ERROR in src/components/Auth/LoginForm.vue:54:40
TS2339: Property 'password' does not exist on type '{ handleSubmit(): void; }'.
    52 |       const formData = new FormData();
    53 |       formData.append("email", this.email);
  > 54 |       formData.append("password", this.password);
       |                                        ^^^^^^^^
    55 |
    56 |       axios.post("api/login", formData)
    57 |         .then(response => {

ERROR in src/components/Auth/LoginForm.vue:59:18
TS2339: Property '$emit' does not exist on type '{ handleSubmit(): void; }'.
    57 |         .then(response => {
    58 |           if (response.status === 200) {
  > 59 |             this.$emit("loginSuccess");
       |                  ^^^^^
    60 |           }
    61 |         })
    62 |         .catch(error => {

ERROR in src/components/Auth/LoginForm.vue:67:18
TS2339: Property 'buttonText' does not exist on type '{ handleSubmit(): void; }'.
    65 |             const popupStore = usePopupStore();
    66 |             popupStore.showPopup(error.response?.data?.message || "Login failed, please try again");
  > 67 |             this.buttonText = "Log in";
       |                  ^^^^^^^^^^
    68 |         });
    69 |     },
    70 |   },

ERROR in src/components/Auth/LoginSignupPopup.vue:41:30
TS2307: Cannot find module '@/store/authStore.Ts' or its corresponding type declarations.
    39 | import SendPasswordResetEmail from "./SendPasswordResetEmail.vue";
    40 | import { usePopupStore } from "@/store/popupStore";
  > 41 | import { useAuthStore } from "@/store/authStore.Ts";
       |                              ^^^^^^^^^^^^^^^^^^^^^^
    42 |
    43 | export default {
    44 |     components: {

ERROR in src/components/Auth/LoginSignupPopup.vue:57:18
TS2339: Property 'loggedIn' does not exist on type '{ components: { LoginForm: { data(): { email: string; password: string; buttonText: string; }; methods: { handleSubmit(): void; }; }; SignupForm: { data(): { email: string; password: string; confirmPassword: string; buttonText: string; }; methods: { ...; }; }; SendPasswordResetEmail: { ...; }; }; data(): { ...; }; m...'.
    55 |     mounted() {
    56 |         // this.loadGoogleIdentityServices();
  > 57 |         if (this.loggedIn) {
       |                  ^^^^^^^^
    58 |             const popupStore = usePopupStore();
    59 |             popupStore.showPopup(
    60 |                 "You are already signed in. Visit settings to log out."

ERROR in src/components/Auth/LoginSignupPopup.vue:62:18
TS2339: Property '$router' does not exist on type '{ components: { LoginForm: { data(): { email: string; password: string; buttonText: string; }; methods: { handleSubmit(): void; }; }; SignupForm: { data(): { email: string; password: string; confirmPassword: string; buttonText: string; }; methods: { ...; }; }; SendPasswordResetEmail: { ...; }; }; data(): { ...; }; m...'.
    60 |                 "You are already signed in. Visit settings to log out."
    61 |             );
  > 62 |             this.$router.push("/");
       |                  ^^^^^^^
    63 |         }
    64 |     },
    65 |     computed: {

ERROR in src/components/Auth/LoginSignupPopup.vue:72:21
TS7006: Parameter 'form' implicitly has an 'any' type.
    70 |     },
    71 |     methods: {
  > 72 |         toggleForms(form) {
       |                     ^^^^
    73 |             this.activeForm = form;
    74 |         },
    75 |         handleLoginSuccess() {

ERROR in src/components/Auth/LoginSignupPopup.vue:73:18
TS2339: Property 'activeForm' does not exist on type '{ toggleForms(form: any): void; handleLoginSuccess(): void; handleSignupSuccess(): void; }'.
    71 |     methods: {
    72 |         toggleForms(form) {
  > 73 |             this.activeForm = form;
       |                  ^^^^^^^^^^
    74 |         },
    75 |         handleLoginSuccess() {
    76 |             const authStore = useAuthStore();

ERROR in src/components/Auth/LoginSignupPopup.vue:78:39
TS2339: Property '$route' does not exist on type '{ toggleForms(form: any): void; handleLoginSuccess(): void; handleSignupSuccess(): void; }'.
    76 |             const authStore = useAuthStore();
    77 |             authStore.login();
  > 78 |             const redirectPath = this.$route.query.redirect || "/";
       |                                       ^^^^^^
    79 |             this.$router.push(redirectPath);
    80 |         },
    81 |

ERROR in src/components/Auth/LoginSignupPopup.vue:79:18
TS2339: Property '$router' does not exist on type '{ toggleForms(form: any): void; handleLoginSuccess(): void; handleSignupSuccess(): void; }'.
    77 |             authStore.login();
    78 |             const redirectPath = this.$route.query.redirect || "/";
  > 79 |             this.$router.push(redirectPath);
       |                  ^^^^^^^
    80 |         },
    81 |
    82 |         handleSignupSuccess() {

ERROR in src/components/Auth/LoginSignupPopup.vue:87:18
TS2339: Property '$router' does not exist on type '{ toggleForms(form: any): void; handleLoginSuccess(): void; handleSignupSuccess(): void; }'.
    85 |                 "Registration email sent!\n Please click the link in the email to start your ascent."
    86 |             );
  > 87 |             this.$router.push("/");
       |                  ^^^^^^^
    88 |         },
    89 |         // loadGoogleIdentityServices() {
    90 |         //     if (window.google && window.google.accounts) {

ERROR in src/components/Auth/PasswordResetForm.vue:45:22
TS2339: Property 'password' does not exist on type '{ handleSubmit(): void; }'.
    43 |         handleSubmit() {
    44 |
  > 45 |             if (this.password !== this.confirmPassword) {
       |                      ^^^^^^^^
    46 |                 this.passwordError = "Passwords do not match";
    47 |                 this.buttonText = "Submit";
    48 |                 return;

ERROR in src/components/Auth/PasswordResetForm.vue:45:40
TS2339: Property 'confirmPassword' does not exist on type '{ handleSubmit(): void; }'.
    43 |         handleSubmit() {
    44 |
  > 45 |             if (this.password !== this.confirmPassword) {
       |                                        ^^^^^^^^^^^^^^^
    46 |                 this.passwordError = "Passwords do not match";
    47 |                 this.buttonText = "Submit";
    48 |                 return;

ERROR in src/components/Auth/PasswordResetForm.vue:46:22
TS2339: Property 'passwordError' does not exist on type '{ handleSubmit(): void; }'.
    44 |
    45 |             if (this.password !== this.confirmPassword) {
  > 46 |                 this.passwordError = "Passwords do not match";
       |                      ^^^^^^^^^^^^^
    47 |                 this.buttonText = "Submit";
    48 |                 return;
    49 |             }

ERROR in src/components/Auth/PasswordResetForm.vue:47:22
TS2339: Property 'buttonText' does not exist on type '{ handleSubmit(): void; }'.
    45 |             if (this.password !== this.confirmPassword) {
    46 |                 this.passwordError = "Passwords do not match";
  > 47 |                 this.buttonText = "Submit";
       |                      ^^^^^^^^^^
    48 |                 return;
    49 |             }
    50 |             if (this.password.length < 8) {

ERROR in src/components/Auth/PasswordResetForm.vue:50:22
TS2339: Property 'password' does not exist on type '{ handleSubmit(): void; }'.
    48 |                 return;
    49 |             }
  > 50 |             if (this.password.length < 8) {
       |                      ^^^^^^^^
    51 |                 this.passwordError = "Passwords must be at least 8 characters long";
    52 |                 this.buttonText = "Submit";
    53 |                 return;

ERROR in src/components/Auth/PasswordResetForm.vue:51:22
TS2339: Property 'passwordError' does not exist on type '{ handleSubmit(): void; }'.
    49 |             }
    50 |             if (this.password.length < 8) {
  > 51 |                 this.passwordError = "Passwords must be at least 8 characters long";
       |                      ^^^^^^^^^^^^^
    52 |                 this.buttonText = "Submit";
    53 |                 return;
    54 |             }

ERROR in src/components/Auth/PasswordResetForm.vue:52:22
TS2339: Property 'buttonText' does not exist on type '{ handleSubmit(): void; }'.
    50 |             if (this.password.length < 8) {
    51 |                 this.passwordError = "Passwords must be at least 8 characters long";
  > 52 |                 this.buttonText = "Submit";
       |                      ^^^^^^^^^^
    53 |                 return;
    54 |             }
    55 |             this.passwordError = "";

ERROR in src/components/Auth/PasswordResetForm.vue:55:18
TS2339: Property 'passwordError' does not exist on type '{ handleSubmit(): void; }'.
    53 |                 return;
    54 |             }
  > 55 |             this.passwordError = "";
       |                  ^^^^^^^^^^^^^
    56 |             this.buttonText = "Loading...";
    57 |             axios.post("api/reset-password", {
    58 |                 token: this.token,

ERROR in src/components/Auth/PasswordResetForm.vue:56:18
TS2339: Property 'buttonText' does not exist on type '{ handleSubmit(): void; }'.
    54 |             }
    55 |             this.passwordError = "";
  > 56 |             this.buttonText = "Loading...";
       |                  ^^^^^^^^^^
    57 |             axios.post("api/reset-password", {
    58 |                 token: this.token,
    59 |                 new_password: this.password,

ERROR in src/components/Auth/PasswordResetForm.vue:58:29
TS2339: Property 'token' does not exist on type '{ handleSubmit(): void; }'.
    56 |             this.buttonText = "Loading...";
    57 |             axios.post("api/reset-password", {
  > 58 |                 token: this.token,
       |                             ^^^^^
    59 |                 new_password: this.password,
    60 |             })
    61 |                 .then((response) => {

ERROR in src/components/Auth/PasswordResetForm.vue:59:36
TS2339: Property 'password' does not exist on type '{ handleSubmit(): void; }'.
    57 |             axios.post("api/reset-password", {
    58 |                 token: this.token,
  > 59 |                 new_password: this.password,
       |                                    ^^^^^^^^
    60 |             })
    61 |                 .then((response) => {
    62 |                     if (response.status === 200) {

ERROR in src/components/Auth/PasswordResetForm.vue:63:30
TS2339: Property 'buttonText' does not exist on type '{ handleSubmit(): void; }'.
    61 |                 .then((response) => {
    62 |                     if (response.status === 200) {
  > 63 |                         this.buttonText = "Reset Successful";
       |                              ^^^^^^^^^^
    64 |                         setTimeout(() => {
    65 |                             this.$router.push('/login');
    66 |                         }, 2000);

ERROR in src/components/Auth/PasswordResetForm.vue:65:34
TS2339: Property '$router' does not exist on type '{ handleSubmit(): void; }'.
    63 |                         this.buttonText = "Reset Successful";
    64 |                         setTimeout(() => {
  > 65 |                             this.$router.push('/login');
       |                                  ^^^^^^^
    66 |                         }, 2000);
    67 |                     }
    68 |                 })

ERROR in src/components/Auth/PasswordResetForm.vue:70:26
TS2339: Property 'buttonText' does not exist on type '{ handleSubmit(): void; }'.
    68 |                 })
    69 |                 .catch(() => {
  > 70 |                     this.buttonText = "Reset Failed";
       |                          ^^^^^^^^^^
    71 |                     this.passwordError = "An error occurred. Please try again.";
    72 |                 });
    73 |         }

ERROR in src/components/Auth/PasswordResetForm.vue:71:26
TS2339: Property 'passwordError' does not exist on type '{ handleSubmit(): void; }'.
    69 |                 .catch(() => {
    70 |                     this.buttonText = "Reset Failed";
  > 71 |                     this.passwordError = "An error occurred. Please try again.";
       |                          ^^^^^^^^^^^^^
    72 |                 });
    73 |         }
    74 |     }

ERROR in src/components/Auth/SendPasswordResetEmail.vue:36:18
TS2339: Property 'buttonText' does not exist on type '{ handleSubmit(): void; }'.
    34 |     methods: {
    35 |         handleSubmit() {
  > 36 |             this.buttonText = "Loading...";
       |                  ^^^^^^^^^^
    37 |             this.completed = true;
    38 |
    39 |             axios.post("api/send-reset-link", { email: this.email })

ERROR in src/components/Auth/SendPasswordResetEmail.vue:37:18
TS2339: Property 'completed' does not exist on type '{ handleSubmit(): void; }'.
    35 |         handleSubmit() {
    36 |             this.buttonText = "Loading...";
  > 37 |             this.completed = true;
       |                  ^^^^^^^^^
    38 |
    39 |             axios.post("api/send-reset-link", { email: this.email })
    40 |                 .then((response) => {

ERROR in src/components/Auth/SendPasswordResetEmail.vue:39:61
TS2339: Property 'email' does not exist on type '{ handleSubmit(): void; }'.
    37 |             this.completed = true;
    38 |
  > 39 |             axios.post("api/send-reset-link", { email: this.email })
       |                                                             ^^^^^
    40 |                 .then((response) => {
    41 |                     if (response.status === 200) {
    42 |                         this.buttonText = "Reset Link Sent";

ERROR in src/components/Auth/SendPasswordResetEmail.vue:42:30
TS2339: Property 'buttonText' does not exist on type '{ handleSubmit(): void; }'.
    40 |                 .then((response) => {
    41 |                     if (response.status === 200) {
  > 42 |                         this.buttonText = "Reset Link Sent";
       |                              ^^^^^^^^^^
    43 |                         setTimeout(() => {
    44 |                             this.buttonText = "Send Reset Link";
    45 |                         }, 3000);

ERROR in src/components/Auth/SendPasswordResetEmail.vue:44:34
TS2339: Property 'buttonText' does not exist on type '{ handleSubmit(): void; }'.
    42 |                         this.buttonText = "Reset Link Sent";
    43 |                         setTimeout(() => {
  > 44 |                             this.buttonText = "Send Reset Link";
       |                                  ^^^^^^^^^^
    45 |                         }, 3000);
    46 |                     } 
    47 |                 })

ERROR in src/components/Auth/SendPasswordResetEmail.vue:49:26
TS2339: Property 'buttonText' does not exist on type '{ handleSubmit(): void; }'.
    47 |                 })
    48 |                 .catch(() => {
  > 49 |                     this.buttonText = "Send Reset Link";
       |                          ^^^^^^^^^^
    50 |                 });
    51 |         },
    52 |     },

ERROR in src/components/Auth/SignupForm.vue:62:12
TS2339: Property 'buttonText' does not exist on type '{ handleSubmit(): void; }'.
    60 |   methods: {
    61 |     handleSubmit() {
  > 62 |       this.buttonText = "Loading...";
       |            ^^^^^^^^^^
    63 |       if (this.password !== this.confirmPassword) {
    64 |         const popupStore = usePopupStore();
    65 |         popupStore.showPopup("Passwords do not match!");

ERROR in src/components/Auth/SignupForm.vue:63:16
TS2339: Property 'password' does not exist on type '{ handleSubmit(): void; }'.
    61 |     handleSubmit() {
    62 |       this.buttonText = "Loading...";
  > 63 |       if (this.password !== this.confirmPassword) {
       |                ^^^^^^^^
    64 |         const popupStore = usePopupStore();
    65 |         popupStore.showPopup("Passwords do not match!");
    66 |         this.buttonText = "Sign up";

ERROR in src/components/Auth/SignupForm.vue:63:34
TS2339: Property 'confirmPassword' does not exist on type '{ handleSubmit(): void; }'.
    61 |     handleSubmit() {
    62 |       this.buttonText = "Loading...";
  > 63 |       if (this.password !== this.confirmPassword) {
       |                                  ^^^^^^^^^^^^^^^
    64 |         const popupStore = usePopupStore();
    65 |         popupStore.showPopup("Passwords do not match!");
    66 |         this.buttonText = "Sign up";

ERROR in src/components/Auth/SignupForm.vue:66:14
TS2339: Property 'buttonText' does not exist on type '{ handleSubmit(): void; }'.
    64 |         const popupStore = usePopupStore();
    65 |         popupStore.showPopup("Passwords do not match!");
  > 66 |         this.buttonText = "Sign up";
       |              ^^^^^^^^^^
    67 |         return;
    68 |       }
    69 |       console.log("hi")

ERROR in src/components/Auth/SignupForm.vue:71:16
TS2339: Property 'password' does not exist on type '{ handleSubmit(): void; }'.
    69 |       console.log("hi")
    70 |
  > 71 |       if (this.password.length <  8) {
       |                ^^^^^^^^
    72 |         const popupStore = usePopupStore();
    73 |         popupStore.showPopup("Passwords must be longer than 8 characters!");
    74 |         this.buttonText = "Sign up";

ERROR in src/components/Auth/SignupForm.vue:74:14
TS2339: Property 'buttonText' does not exist on type '{ handleSubmit(): void; }'.
    72 |         const popupStore = usePopupStore();
    73 |         popupStore.showPopup("Passwords must be longer than 8 characters!");
  > 74 |         this.buttonText = "Sign up";
       |              ^^^^^^^^^^
    75 |         return;
    76 |       }
    77 |       console.log("second")

ERROR in src/components/Auth/SignupForm.vue:79:41
TS2339: Property 'email' does not exist on type '{ handleSubmit(): void; }'.
    77 |       console.log("second")
    78 |       const formData = new FormData();
  > 79 |       formData.append("new-email", this.email);
       |                                         ^^^^^
    80 |       formData.append("new-password", this.password);
    81 |
    82 |     //   console.log("Form data:", formData);

ERROR in src/components/Auth/SignupForm.vue:80:44
TS2339: Property 'password' does not exist on type '{ handleSubmit(): void; }'.
    78 |       const formData = new FormData();
    79 |       formData.append("new-email", this.email);
  > 80 |       formData.append("new-password", this.password);
       |                                            ^^^^^^^^
    81 |
    82 |     //   console.log("Form data:", formData);
    83 |

ERROR in src/components/Auth/SignupForm.vue:87:18
TS2339: Property '$emit' does not exist on type '{ handleSubmit(): void; }'.
    85 |         .then((response) => {
    86 |           if (response.status === 200) {
  > 87 |             this.$emit("signupSuccess");
       |                  ^^^^^
    88 |             this.buttonText = "Sign up";
    89 |           }
    90 |         })

ERROR in src/components/Auth/SignupForm.vue:88:18
TS2339: Property 'buttonText' does not exist on type '{ handleSubmit(): void; }'.
    86 |           if (response.status === 200) {
    87 |             this.$emit("signupSuccess");
  > 88 |             this.buttonText = "Sign up";
       |                  ^^^^^^^^^^
    89 |           }
    90 |         })
    91 |         .catch(error => {

ERROR in src/components/Auth/SignupForm.vue:95:16
TS2339: Property 'buttonText' does not exist on type '{ handleSubmit(): void; }'.
    93 |           const popupStore = usePopupStore();
    94 |           popupStore.showPopup(error.response?.data?.message || "Signup failed. Please try again.");
  > 95 |           this.buttonText = "Sign up";
       |                ^^^^^^^^^^
    96 |         });
    97 |     },
    98 |   },

ERROR in src/components/Auth/VerifyEmail.vue:45:14
TS2339: Property 'token' does not exist on type '{ data(): { loading: boolean; status: string; token: string; }; created(): void; methods: { verifyEmail(): Promise<void>; }; }'.
    43 |     },
    44 |     created() {
  > 45 |         this.token = this.$route.params.token;
       |              ^^^^^
    46 |         this.verifyEmail();
    47 |     },
    48 |     methods: {

ERROR in src/components/Auth/VerifyEmail.vue:45:27
TS2339: Property '$route' does not exist on type '{ data(): { loading: boolean; status: string; token: string; }; created(): void; methods: { verifyEmail(): Promise<void>; }; }'.
    43 |     },
    44 |     created() {
  > 45 |         this.token = this.$route.params.token;
       |                           ^^^^^^
    46 |         this.verifyEmail();
    47 |     },
    48 |     methods: {

ERROR in src/components/Auth/VerifyEmail.vue:46:14
TS2339: Property 'verifyEmail' does not exist on type '{ data(): { loading: boolean; status: string; token: string; }; created(): void; methods: { verifyEmail(): Promise<void>; }; }'.
    44 |     created() {
    45 |         this.token = this.$route.params.token;
  > 46 |         this.verifyEmail();
       |              ^^^^^^^^^^^
    47 |     },
    48 |     methods: {
    49 |         async verifyEmail() {

ERROR in src/components/Auth/VerifyEmail.vue:51:54
TS2339: Property 'token' does not exist on type '{ verifyEmail(): Promise<void>; }'.
    49 |         async verifyEmail() {
    50 |
  > 51 |             axios.post('/api/confirm', { token: this.token })
       |                                                      ^^^^^
    52 |                 .then((response) => {
    53 |                     if (response.status === 200) {
    54 |                         this.status = 'success';

ERROR in src/components/Auth/VerifyEmail.vue:54:30
TS2339: Property 'status' does not exist on type '{ verifyEmail(): Promise<void>; }'.
    52 |                 .then((response) => {
    53 |                     if (response.status === 200) {
  > 54 |                         this.status = 'success';
       |                              ^^^^^^
    55 |                     } else if (response.message) {
    56 |                         this.status = response.message;
    57 |                     }

ERROR in src/components/Auth/VerifyEmail.vue:55:41
TS2339: Property 'message' does not exist on type 'AxiosResponse<any, any>'.
    53 |                     if (response.status === 200) {
    54 |                         this.status = 'success';
  > 55 |                     } else if (response.message) {
       |                                         ^^^^^^^
    56 |                         this.status = response.message;
    57 |                     }
    58 |                 })

ERROR in src/components/Auth/VerifyEmail.vue:56:30
TS2339: Property 'status' does not exist on type '{ verifyEmail(): Promise<void>; }'.
    54 |                         this.status = 'success';
    55 |                     } else if (response.message) {
  > 56 |                         this.status = response.message;
       |                              ^^^^^^
    57 |                     }
    58 |                 })
    59 |                 .catch(() => {

ERROR in src/components/Auth/VerifyEmail.vue:56:48
TS2339: Property 'message' does not exist on type 'AxiosResponse<any, any>'.
    54 |                         this.status = 'success';
    55 |                     } else if (response.message) {
  > 56 |                         this.status = response.message;
       |                                                ^^^^^^^
    57 |                     }
    58 |                 })
    59 |                 .catch(() => {

ERROR in src/components/Auth/VerifyEmail.vue:60:26
TS2339: Property 'status' does not exist on type '{ verifyEmail(): Promise<void>; }'.
    58 |                 })
    59 |                 .catch(() => {
  > 60 |                     this.status = 'error';
       |                          ^^^^^^
    61 |                 })
    62 |                 .finally(() => {
    63 |                     this.loading = false;

ERROR in src/components/Auth/VerifyEmail.vue:63:26
TS2339: Property 'loading' does not exist on type '{ verifyEmail(): Promise<void>; }'.
    61 |                 })
    62 |                 .finally(() => {
  > 63 |                     this.loading = false;
       |                          ^^^^^^^
    64 |                 });
    65 |
    66 |         }

ERROR in src/components/Backstage/MapPage.vue:27:26
TS7006: Parameter 'str' implicitly has an 'any' type.
    25 |
    26 | // Utility function to capitalize words
  > 27 | function capitalizeWords(str) {
       |                          ^^^
    28 |     if (!str) return str; // Handle null or undefined input
    29 |     return str.replace(/(^|\s|[-])\S/g, match => match.toUpperCase()).replace(/-/g, ' ');
    30 | }

ERROR in src/components/Backstage/MapPage.vue:29:41
TS7006: Parameter 'match' implicitly has an 'any' type.
    27 | function capitalizeWords(str) {
    28 |     if (!str) return str; // Handle null or undefined input
  > 29 |     return str.replace(/(^|\s|[-])\S/g, match => match.toUpperCase()).replace(/-/g, ' ');
       |                                         ^^^^^
    30 | }
    31 |
    32 | export default {

ERROR in src/components/Backstage/MapPage.vue:59:35
TS18047: 'library.value' is possibly 'null'.
    57 |                     };
    58 |                     
  > 59 |                     console.debug(library.value.data.room_names)
       |                                   ^^^^^^^^^^^^^
    60 |                 } else {
    61 |                     throw new Error("Invalid response data");
    62 |                 }

ERROR in src/components/Backstage/MapPage.vue:66:38
TS18046: 'error' is of type 'unknown'.
    64 |                 // Handle the error
    65 |                 const popupStore = usePopupStore();
  > 66 |                 popupStore.showPopup(error.message || "Learning map failed. Please try again.");
       |                                      ^^^^^
    67 |             } finally {
    68 |                 if (!abortController.signal.aborted) {
    69 |                     // Only set loading to false if the request was not aborted

ERROR in src/components/Backstage/MentorSelection.vue:60:27
TS7006: Parameter 'direction' implicitly has an 'any' type.
    58 |     });
    59 |
  > 60 |     const changeMentor = (direction) => {
       |                           ^^^^^^^^^
    61 |       if (isChangingMentor.value) return;
    62 |       isChangingMentor.value = true;
    63 |

ERROR in src/components/Backstage/ProgressPage.vue:123:16
TS2339: Property 'currentPageIndex' does not exist on type '{ pageEmoji(): "" | "📈" | "🧮"; pageTitle(): "" | "Progress Overview" | "Detailed Statistics"; }'.
    121 |   computed: {
    122 |     pageEmoji() {
  > 123 |       if (this.currentPageIndex == 0) {
        |                ^^^^^^^^^^^^^^^^
    124 |         return "📈";
    125 |       } else if (this.currentPageIndex == 1) {
    126 |         return "🧮";

ERROR in src/components/Backstage/ProgressPage.vue:125:23
TS2339: Property 'currentPageIndex' does not exist on type '{ pageEmoji(): "" | "📈" | "🧮"; pageTitle(): "" | "Progress Overview" | "Detailed Statistics"; }'.
    123 |       if (this.currentPageIndex == 0) {
    124 |         return "📈";
  > 125 |       } else if (this.currentPageIndex == 1) {
        |                       ^^^^^^^^^^^^^^^^
    126 |         return "🧮";
    127 |       } else {
    128 |         return "";

ERROR in src/components/Backstage/ProgressPage.vue:132:16
TS2339: Property 'currentPageIndex' does not exist on type '{ pageEmoji(): "" | "📈" | "🧮"; pageTitle(): "" | "Progress Overview" | "Detailed Statistics"; }'.
    130 |     },
    131 |     pageTitle() {
  > 132 |       if (this.currentPageIndex == 0) {
        |                ^^^^^^^^^^^^^^^^
    133 |         return "Progress Overview";
    134 |       } else if (this.currentPageIndex == 1) {
    135 |         return "Detailed Statistics";

ERROR in src/components/Backstage/ProgressPage.vue:134:23
TS2339: Property 'currentPageIndex' does not exist on type '{ pageEmoji(): "" | "📈" | "🧮"; pageTitle(): "" | "Progress Overview" | "Detailed Statistics"; }'.
    132 |       if (this.currentPageIndex == 0) {
    133 |         return "Progress Overview";
  > 134 |       } else if (this.currentPageIndex == 1) {
        |                       ^^^^^^^^^^^^^^^^
    135 |         return "Detailed Statistics";
    136 |       } else {
    137 |         return "";

ERROR in src/components/Backstage/ProgressPage.vue:145:14
TS2339: Property 'userProgress' does not exist on type '{ name: string; components: { ProgressGraph: { name: string; components: { LineGraph: TypedChartComponent<"line", (number | Point | null)[], unknown>; }; props: { data: { ...; }; }; computed: { ...; }; }; MenuButton: { ...; }; UserStats: DefineComponent<...>; }; data(): { ...; }; computed: { ...; }; mounted(): Promi...'.
    143 |       const response = await axios.get("/api/user-progress");
    144 |       if (response.data.status === "success") {
  > 145 |         this.userProgress = response.data.progress.lineGraph;
        |              ^^^^^^^^^^^^
    146 |         this.totalCompleted = response.data.progress.totalCompleted;
    147 |         this.totalLessons = response.data.progress.totalLessons;
    148 |         this.activeLessons = response.data.progress.activeLessons;

ERROR in src/components/Backstage/ProgressPage.vue:146:14
TS2339: Property 'totalCompleted' does not exist on type '{ name: string; components: { ProgressGraph: { name: string; components: { LineGraph: TypedChartComponent<"line", (number | Point | null)[], unknown>; }; props: { data: { ...; }; }; computed: { ...; }; }; MenuButton: { ...; }; UserStats: DefineComponent<...>; }; data(): { ...; }; computed: { ...; }; mounted(): Promi...'.
    144 |       if (response.data.status === "success") {
    145 |         this.userProgress = response.data.progress.lineGraph;
  > 146 |         this.totalCompleted = response.data.progress.totalCompleted;
        |              ^^^^^^^^^^^^^^
    147 |         this.totalLessons = response.data.progress.totalLessons;
    148 |         this.activeLessons = response.data.progress.activeLessons;
    149 |         this.completedLessons = response.data.progress.completedLessons;

ERROR in src/components/Backstage/ProgressPage.vue:147:14
TS2339: Property 'totalLessons' does not exist on type '{ name: string; components: { ProgressGraph: { name: string; components: { LineGraph: TypedChartComponent<"line", (number | Point | null)[], unknown>; }; props: { data: { ...; }; }; computed: { ...; }; }; MenuButton: { ...; }; UserStats: DefineComponent<...>; }; data(): { ...; }; computed: { ...; }; mounted(): Promi...'.
    145 |         this.userProgress = response.data.progress.lineGraph;
    146 |         this.totalCompleted = response.data.progress.totalCompleted;
  > 147 |         this.totalLessons = response.data.progress.totalLessons;
        |              ^^^^^^^^^^^^
    148 |         this.activeLessons = response.data.progress.activeLessons;
    149 |         this.completedLessons = response.data.progress.completedLessons;
    150 |         this.totalLibraries = response.data.progress.totalLibrarys;

ERROR in src/components/Backstage/ProgressPage.vue:148:14
TS2339: Property 'activeLessons' does not exist on type '{ name: string; components: { ProgressGraph: { name: string; components: { LineGraph: TypedChartComponent<"line", (number | Point | null)[], unknown>; }; props: { data: { ...; }; }; computed: { ...; }; }; MenuButton: { ...; }; UserStats: DefineComponent<...>; }; data(): { ...; }; computed: { ...; }; mounted(): Promi...'.
    146 |         this.totalCompleted = response.data.progress.totalCompleted;
    147 |         this.totalLessons = response.data.progress.totalLessons;
  > 148 |         this.activeLessons = response.data.progress.activeLessons;
        |              ^^^^^^^^^^^^^
    149 |         this.completedLessons = response.data.progress.completedLessons;
    150 |         this.totalLibraries = response.data.progress.totalLibrarys;
    151 |         this.activeLibraries = response.data.progress.activeLibrarys;

ERROR in src/components/Backstage/ProgressPage.vue:149:14
TS2339: Property 'completedLessons' does not exist on type '{ name: string; components: { ProgressGraph: { name: string; components: { LineGraph: TypedChartComponent<"line", (number | Point | null)[], unknown>; }; props: { data: { ...; }; }; computed: { ...; }; }; MenuButton: { ...; }; UserStats: DefineComponent<...>; }; data(): { ...; }; computed: { ...; }; mounted(): Promi...'.
    147 |         this.totalLessons = response.data.progress.totalLessons;
    148 |         this.activeLessons = response.data.progress.activeLessons;
  > 149 |         this.completedLessons = response.data.progress.completedLessons;
        |              ^^^^^^^^^^^^^^^^
    150 |         this.totalLibraries = response.data.progress.totalLibrarys;
    151 |         this.activeLibraries = response.data.progress.activeLibrarys;
    152 |         this.completedLibraries = response.data.progress.completedLibrarys;

ERROR in src/components/Backstage/ProgressPage.vue:150:14
TS2339: Property 'totalLibraries' does not exist on type '{ name: string; components: { ProgressGraph: { name: string; components: { LineGraph: TypedChartComponent<"line", (number | Point | null)[], unknown>; }; props: { data: { ...; }; }; computed: { ...; }; }; MenuButton: { ...; }; UserStats: DefineComponent<...>; }; data(): { ...; }; computed: { ...; }; mounted(): Promi...'.
    148 |         this.activeLessons = response.data.progress.activeLessons;
    149 |         this.completedLessons = response.data.progress.completedLessons;
  > 150 |         this.totalLibraries = response.data.progress.totalLibrarys;
        |              ^^^^^^^^^^^^^^
    151 |         this.activeLibraries = response.data.progress.activeLibrarys;
    152 |         this.completedLibraries = response.data.progress.completedLibrarys;
    153 |         this.percentCompletedLessons =

ERROR in src/components/Backstage/ProgressPage.vue:151:14
TS2339: Property 'activeLibraries' does not exist on type '{ name: string; components: { ProgressGraph: { name: string; components: { LineGraph: TypedChartComponent<"line", (number | Point | null)[], unknown>; }; props: { data: { ...; }; }; computed: { ...; }; }; MenuButton: { ...; }; UserStats: DefineComponent<...>; }; data(): { ...; }; computed: { ...; }; mounted(): Promi...'.
    149 |         this.completedLessons = response.data.progress.completedLessons;
    150 |         this.totalLibraries = response.data.progress.totalLibrarys;
  > 151 |         this.activeLibraries = response.data.progress.activeLibrarys;
        |              ^^^^^^^^^^^^^^^
    152 |         this.completedLibraries = response.data.progress.completedLibrarys;
    153 |         this.percentCompletedLessons =
    154 |           response.data.progress.percentCompletedLessons;

ERROR in src/components/Backstage/ProgressPage.vue:152:14
TS2339: Property 'completedLibraries' does not exist on type '{ name: string; components: { ProgressGraph: { name: string; components: { LineGraph: TypedChartComponent<"line", (number | Point | null)[], unknown>; }; props: { data: { ...; }; }; computed: { ...; }; }; MenuButton: { ...; }; UserStats: DefineComponent<...>; }; data(): { ...; }; computed: { ...; }; mounted(): Promi...'.
    150 |         this.totalLibraries = response.data.progress.totalLibrarys;
    151 |         this.activeLibraries = response.data.progress.activeLibrarys;
  > 152 |         this.completedLibraries = response.data.progress.completedLibrarys;
        |              ^^^^^^^^^^^^^^^^^^
    153 |         this.percentCompletedLessons =
    154 |           response.data.progress.percentCompletedLessons;
    155 |         this.percentCompletedLibraries =

ERROR in src/components/Backstage/ProgressPage.vue:153:14
TS2339: Property 'percentCompletedLessons' does not exist on type '{ name: string; components: { ProgressGraph: { name: string; components: { LineGraph: TypedChartComponent<"line", (number | Point | null)[], unknown>; }; props: { data: { ...; }; }; computed: { ...; }; }; MenuButton: { ...; }; UserStats: DefineComponent<...>; }; data(): { ...; }; computed: { ...; }; mounted(): Promi...'.
    151 |         this.activeLibraries = response.data.progress.activeLibrarys;
    152 |         this.completedLibraries = response.data.progress.completedLibrarys;
  > 153 |         this.percentCompletedLessons =
        |              ^^^^^^^^^^^^^^^^^^^^^^^
    154 |           response.data.progress.percentCompletedLessons;
    155 |         this.percentCompletedLibraries =
    156 |           response.data.progress.percentCompletedLibrarys;

ERROR in src/components/Backstage/ProgressPage.vue:155:14
TS2339: Property 'percentCompletedLibraries' does not exist on type '{ name: string; components: { ProgressGraph: { name: string; components: { LineGraph: TypedChartComponent<"line", (number | Point | null)[], unknown>; }; props: { data: { ...; }; }; computed: { ...; }; }; MenuButton: { ...; }; UserStats: DefineComponent<...>; }; data(): { ...; }; computed: { ...; }; mounted(): Promi...'.
    153 |         this.percentCompletedLessons =
    154 |           response.data.progress.percentCompletedLessons;
  > 155 |         this.percentCompletedLibraries =
        |              ^^^^^^^^^^^^^^^^^^^^^^^^^
    156 |           response.data.progress.percentCompletedLibrarys;
    157 |         this.maxStreak = response.data.progress.maxStreak;
    158 |         this.currentStreak = response.data.progress.currentStreak;

ERROR in src/components/Backstage/ProgressPage.vue:157:14
TS2339: Property 'maxStreak' does not exist on type '{ name: string; components: { ProgressGraph: { name: string; components: { LineGraph: TypedChartComponent<"line", (number | Point | null)[], unknown>; }; props: { data: { ...; }; }; computed: { ...; }; }; MenuButton: { ...; }; UserStats: DefineComponent<...>; }; data(): { ...; }; computed: { ...; }; mounted(): Promi...'.
    155 |         this.percentCompletedLibraries =
    156 |           response.data.progress.percentCompletedLibrarys;
  > 157 |         this.maxStreak = response.data.progress.maxStreak;
        |              ^^^^^^^^^
    158 |         this.currentStreak = response.data.progress.currentStreak;
    159 |         this.dataLoaded = true;
    160 |       } else {

ERROR in src/components/Backstage/ProgressPage.vue:158:14
TS2339: Property 'currentStreak' does not exist on type '{ name: string; components: { ProgressGraph: { name: string; components: { LineGraph: TypedChartComponent<"line", (number | Point | null)[], unknown>; }; props: { data: { ...; }; }; computed: { ...; }; }; MenuButton: { ...; }; UserStats: DefineComponent<...>; }; data(): { ...; }; computed: { ...; }; mounted(): Promi...'.
    156 |           response.data.progress.percentCompletedLibrarys;
    157 |         this.maxStreak = response.data.progress.maxStreak;
  > 158 |         this.currentStreak = response.data.progress.currentStreak;
        |              ^^^^^^^^^^^^^
    159 |         this.dataLoaded = true;
    160 |       } else {
    161 |         console.error("Failed to fetch user progress");

ERROR in src/components/Backstage/ProgressPage.vue:159:14
TS2339: Property 'dataLoaded' does not exist on type '{ name: string; components: { ProgressGraph: { name: string; components: { LineGraph: TypedChartComponent<"line", (number | Point | null)[], unknown>; }; props: { data: { ...; }; }; computed: { ...; }; }; MenuButton: { ...; }; UserStats: DefineComponent<...>; }; data(): { ...; }; computed: { ...; }; mounted(): Promi...'.
    157 |         this.maxStreak = response.data.progress.maxStreak;
    158 |         this.currentStreak = response.data.progress.currentStreak;
  > 159 |         this.dataLoaded = true;
        |              ^^^^^^^^^^
    160 |       } else {
    161 |         console.error("Failed to fetch user progress");
    162 |       }

ERROR in src/components/Backstage/ProgressPage.vue:168:16
TS7006: Parameter 'direction' implicitly has an 'any' type.
    166 |   },
    167 |   methods: {
  > 168 |     changePage(direction) {
        |                ^^^^^^^^^
    169 |       const maxPageIndex = 1;
    170 |       this.currentPageIndex += direction;
    171 |       if (this.currentPageIndex < 0) {

ERROR in src/components/Backstage/ProgressPage.vue:170:12
TS2339: Property 'currentPageIndex' does not exist on type '{ changePage(direction: any): void; }'.
    168 |     changePage(direction) {
    169 |       const maxPageIndex = 1;
  > 170 |       this.currentPageIndex += direction;
        |            ^^^^^^^^^^^^^^^^
    171 |       if (this.currentPageIndex < 0) {
    172 |         this.currentPageIndex = maxPageIndex;
    173 |       } else if (this.currentPageIndex > maxPageIndex) {

ERROR in src/components/Backstage/ProgressPage.vue:171:16
TS2339: Property 'currentPageIndex' does not exist on type '{ changePage(direction: any): void; }'.
    169 |       const maxPageIndex = 1;
    170 |       this.currentPageIndex += direction;
  > 171 |       if (this.currentPageIndex < 0) {
        |                ^^^^^^^^^^^^^^^^
    172 |         this.currentPageIndex = maxPageIndex;
    173 |       } else if (this.currentPageIndex > maxPageIndex) {
    174 |         this.currentPageIndex = 0;

ERROR in src/components/Backstage/ProgressPage.vue:172:14
TS2339: Property 'currentPageIndex' does not exist on type '{ changePage(direction: any): void; }'.
    170 |       this.currentPageIndex += direction;
    171 |       if (this.currentPageIndex < 0) {
  > 172 |         this.currentPageIndex = maxPageIndex;
        |              ^^^^^^^^^^^^^^^^
    173 |       } else if (this.currentPageIndex > maxPageIndex) {
    174 |         this.currentPageIndex = 0;
    175 |       }

ERROR in src/components/Backstage/ProgressPage.vue:173:23
TS2339: Property 'currentPageIndex' does not exist on type '{ changePage(direction: any): void; }'.
    171 |       if (this.currentPageIndex < 0) {
    172 |         this.currentPageIndex = maxPageIndex;
  > 173 |       } else if (this.currentPageIndex > maxPageIndex) {
        |                       ^^^^^^^^^^^^^^^^
    174 |         this.currentPageIndex = 0;
    175 |       }
    176 |     },

ERROR in src/components/Backstage/ProgressPage.vue:174:14
TS2339: Property 'currentPageIndex' does not exist on type '{ changePage(direction: any): void; }'.
    172 |         this.currentPageIndex = maxPageIndex;
    173 |       } else if (this.currentPageIndex > maxPageIndex) {
  > 174 |         this.currentPageIndex = 0;
        |              ^^^^^^^^^^^^^^^^
    175 |       }
    176 |     },
    177 |   },

ERROR in src/components/Backstage/SettingsPage.vue:77:30
TS2307: Cannot find module '@/store/authStore.Ts' or its corresponding type declarations.
    75 | // import TierButton from "@/components/Menus/TierButton.vue";
    76 | import { useMentorStore } from "@/store/mentorStore";
  > 77 | import { useAuthStore } from "@/store/authStore.Ts";
       |                              ^^^^^^^^^^^^^^^^^^^^^^
    78 | import { usePopupStore } from "@/store/popupStore";
    79 | import { useThemeStore } from "@/store/themeStore";
    80 |

ERROR in src/components/Backstage/SettingsPage.vue:98:10
TS2339: Property 'fetchProfile' does not exist on type '{ name: string; data(): { profile: { user: string; tutor: string; email: string; tier: string; }; }; components: { MenuButton: { name: string; props: { label: { type: StringConstructor; required: boolean; }; isSelected: { ...; }; }; }; }; mounted(): Promise<...>; computed: { ...; }; methods: { ...; }; }'.
     96 |   },
     97 |   async mounted() {
  >  98 |     this.fetchProfile();
        |          ^^^^^^^^^^^^
     99 |   },
    100 |   computed: {
    101 |     cloudTokens(){

ERROR in src/components/Backstage/SettingsPage.vue:109:5
TS7023: 'displayTierName' implicitly has return type 'any' because it does not have a return type annotation and is referenced directly or indirectly in one of its return expressions.
    107 |       return mentorStore.currentMentor;
    108 |     },
  > 109 |     displayTierName() {
        |     ^^^^^^^^^^^^^^^
    110 |       const tierCode = this.profile.tier;
    111 |       const tierNameMap = {
    112 |         free: "Aspirant (free)",

ERROR in src/components/Backstage/SettingsPage.vue:110:13
TS7022: 'tierCode' implicitly has type 'any' because it does not have a type annotation and is referenced directly or indirectly in its own initializer.
    108 |     },
    109 |     displayTierName() {
  > 110 |       const tierCode = this.profile.tier;
        |             ^^^^^^^^
    111 |       const tierNameMap = {
    112 |         free: "Aspirant (free)",
    113 |         paid: "Awakened",

ERROR in src/components/Backstage/SettingsPage.vue:110:29
TS2339: Property 'profile' does not exist on type '{ cloudTokens(): any; currentMentorName(): null; displayTierName(): any; currentTheme(): any; }'.
    108 |     },
    109 |     displayTierName() {
  > 110 |       const tierCode = this.profile.tier;
        |                             ^^^^^^^
    111 |       const tierNameMap = {
    112 |         free: "Aspirant (free)",
    113 |         paid: "Awakened",

ERROR in src/components/Backstage/SettingsPage.vue:116:14
TS7053: Element implicitly has an 'any' type because expression of type 'any' can't be used to index type '{ free: string; paid: string; pro: string; }'.
    114 |         pro: "Ascendant",
    115 |       };
  > 116 |       return tierNameMap[tierCode] || "Unknown Tier";
        |              ^^^^^^^^^^^^^^^^^^^^^
    117 |     },
    118 |     currentTheme() {
    119 |         const themeStore = useThemeStore();

ERROR in src/components/Backstage/SettingsPage.vue:129:16
TS2339: Property 'profile' does not exist on type '{ fetchProfile(): Promise<void>; updateProfile(type: any): Promise<void>; logout(): Promise<void>; changeTheme(): void; autoGrow(event: any): void; }'.
    127 |         const response = await axios.get("/api/profile");
    128 |         if (response.data.status === "success") {
  > 129 |           this.profile = response.data.profile;
        |                ^^^^^^^
    130 |           this.$nextTick(() => {
    131 |             if (this.$refs.userTextarea) {
    132 |               this.autoGrow({ target: this.$refs.userTextarea });

ERROR in src/components/Backstage/SettingsPage.vue:130:16
TS2339: Property '$nextTick' does not exist on type '{ fetchProfile(): Promise<void>; updateProfile(type: any): Promise<void>; logout(): Promise<void>; changeTheme(): void; autoGrow(event: any): void; }'.
    128 |         if (response.data.status === "success") {
    129 |           this.profile = response.data.profile;
  > 130 |           this.$nextTick(() => {
        |                ^^^^^^^^^
    131 |             if (this.$refs.userTextarea) {
    132 |               this.autoGrow({ target: this.$refs.userTextarea });
    133 |             }

ERROR in src/components/Backstage/SettingsPage.vue:131:22
TS2339: Property '$refs' does not exist on type '{ fetchProfile(): Promise<void>; updateProfile(type: any): Promise<void>; logout(): Promise<void>; changeTheme(): void; autoGrow(event: any): void; }'.
    129 |           this.profile = response.data.profile;
    130 |           this.$nextTick(() => {
  > 131 |             if (this.$refs.userTextarea) {
        |                      ^^^^^
    132 |               this.autoGrow({ target: this.$refs.userTextarea });
    133 |             }
    134 |             if (this.$refs.tutorTextarea) {

ERROR in src/components/Backstage/SettingsPage.vue:132:44
TS2339: Property '$refs' does not exist on type '{ fetchProfile(): Promise<void>; updateProfile(type: any): Promise<void>; logout(): Promise<void>; changeTheme(): void; autoGrow(event: any): void; }'.
    130 |           this.$nextTick(() => {
    131 |             if (this.$refs.userTextarea) {
  > 132 |               this.autoGrow({ target: this.$refs.userTextarea });
        |                                            ^^^^^
    133 |             }
    134 |             if (this.$refs.tutorTextarea) {
    135 |               this.autoGrow({ target: this.$refs.tutorTextarea });

ERROR in src/components/Backstage/SettingsPage.vue:134:22
TS2339: Property '$refs' does not exist on type '{ fetchProfile(): Promise<void>; updateProfile(type: any): Promise<void>; logout(): Promise<void>; changeTheme(): void; autoGrow(event: any): void; }'.
    132 |               this.autoGrow({ target: this.$refs.userTextarea });
    133 |             }
  > 134 |             if (this.$refs.tutorTextarea) {
        |                      ^^^^^
    135 |               this.autoGrow({ target: this.$refs.tutorTextarea });
    136 |             }
    137 |           });

ERROR in src/components/Backstage/SettingsPage.vue:135:44
TS2339: Property '$refs' does not exist on type '{ fetchProfile(): Promise<void>; updateProfile(type: any): Promise<void>; logout(): Promise<void>; changeTheme(): void; autoGrow(event: any): void; }'.
    133 |             }
    134 |             if (this.$refs.tutorTextarea) {
  > 135 |               this.autoGrow({ target: this.$refs.tutorTextarea });
        |                                            ^^^^^
    136 |             }
    137 |           });
    138 |         } else {

ERROR in src/components/Backstage/SettingsPage.vue:145:25
TS7006: Parameter 'type' implicitly has an 'any' type.
    143 |       }
    144 |     },
  > 145 |     async updateProfile(type) {
        |                         ^^^^
    146 |       const popupStore = usePopupStore();
    147 |       try {
    148 |         const response = await axios.post(`/api/profile/${type}`, {

ERROR in src/components/Backstage/SettingsPage.vue:149:22
TS2339: Property 'profile' does not exist on type '{ fetchProfile(): Promise<void>; updateProfile(type: any): Promise<void>; logout(): Promise<void>; changeTheme(): void; autoGrow(event: any): void; }'.
    147 |       try {
    148 |         const response = await axios.post(`/api/profile/${type}`, {
  > 149 |           data: this.profile[type],
        |                      ^^^^^^^
    150 |         });
    151 |         if (response.data.status === "success") {
    152 |           popupStore.showPopup(`Profile of ${type} updated successfully.`);

ERROR in src/components/Backstage/SettingsPage.vue:157:65
TS2554: Expected 1 arguments, but got 2.
    155 |         }
    156 |       } catch (error) {
  > 157 |         popupStore.showPopup(`Error updating ${type} profile:`, error);
        |                                                                 ^^^^^
    158 |       }
    159 |     },
    160 |

ERROR in src/components/Backstage/SettingsPage.vue:168:16
TS2339: Property '$router' does not exist on type '{ fetchProfile(): Promise<void>; updateProfile(type: any): Promise<void>; logout(): Promise<void>; changeTheme(): void; autoGrow(event: any): void; }'.
    166 |           const authStore = useAuthStore();
    167 |           authStore.logout();
  > 168 |           this.$router.push("/");
        |                ^^^^^^^
    169 |         } else {
    170 |           popupStore.showPopup("Failed to logout.");
    171 |         }

ERROR in src/components/Backstage/SettingsPage.vue:173:52
TS2554: Expected 1 arguments, but got 2.
    171 |         }
    172 |       } catch (error) {
  > 173 |         popupStore.showPopup("Error logging out:", error);
        |                                                    ^^^^^
    174 |       }
    175 |     },
    176 |     changeTheme() {

ERROR in src/components/Backstage/SettingsPage.vue:203:14
TS7006: Parameter 'event' implicitly has an 'any' type.
    201 |     //   this.$router.push("/plan");
    202 |     // },
  > 203 |     autoGrow(event) {
        |              ^^^^^
    204 |       const textarea = event.target;
    205 |       textarea.style.height = "auto";
    206 |       textarea.style.height = textarea.scrollHeight + "px";

ERROR in src/components/Chat/ActionMenu.vue:30:18
TS7006: Parameter 'action' implicitly has an 'any' type.
    28 |   },
    29 |   methods: {
  > 30 |     handleAction(action) {
       |                  ^^^^^^
    31 |       this.$emit("actionSelected", action);
    32 |     },
    33 |   },

ERROR in src/components/Chat/ActionMenu.vue:31:12
TS2339: Property '$emit' does not exist on type '{ handleAction(action: any): void; }'.
    29 |   methods: {
    30 |     handleAction(action) {
  > 31 |       this.$emit("actionSelected", action);
       |            ^^^^^
    32 |     },
    33 |   },
    34 | };

ERROR in src/components/Chat/ChatComponent.vue:28:43
TS2339: Property 'handleScrollToMessage' does not exist on type '{ name: string; components: { MessageInput: {}; ChatConversation: { components: { ContentButton: {}; CompleteButton: {}; QuizComponent: {}; }; data(): { shownIntro: boolean; }; mounted(): void; unmounted(): void; computed: { ...; }; methods: { ...; }; }; }; mounted(): void; unmounted(): void; methods: { ...; }; }'.
    26 |     const messageStore = useMessageStore();
    27 |     messageStore.fetchRecentMessages(path);
  > 28 |     eventBus.on("scroll-to-message", this.handleScrollToMessage);
       |                                           ^^^^^^^^^^^^^^^^^^^^^
    29 |   },
    30 |   unmounted() {
    31 |     eventBus.off("scroll-to-message");

ERROR in src/components/Chat/ChatComponent.vue:34:27
TS7006: Parameter 'topPosition' implicitly has an 'any' type.
    32 |   },
    33 |   methods: {
  > 34 |     handleScrollToMessage(topPosition) {
       |                           ^^^^^^^^^^^
    35 |       // console.log("handleScrollToMessage" + topPosition);
    36 |       const scrollStore = useScrollStore();
    37 |       scrollStore.scrollTop = topPosition;

ERROR in src/components/Chat/ChatComponent.vue:38:12
TS2339: Property '$refs' does not exist on type '{ handleScrollToMessage(topPosition: any): void; }'.
    36 |       const scrollStore = useScrollStore();
    37 |       scrollStore.scrollTop = topPosition;
  > 38 |       this.$refs.msgHistory.scrollTop = topPosition;
       |            ^^^^^
    39 |
    40 |       // Try another bit
    41 |       topPosition = topPosition - 12;

ERROR in src/components/Chat/ChatComponent.vue:43:12
TS2339: Property '$refs' does not exist on type '{ handleScrollToMessage(topPosition: any): void; }'.
    41 |       topPosition = topPosition - 12;
    42 |       scrollStore.scrollTop = topPosition;
  > 43 |       this.$refs.msgHistory.scrollTop = topPosition;
       |            ^^^^^
    44 |     },
    45 |   },
    46 | };

ERROR in src/components/Chat/ChatConversation.vue:60:42
TS2339: Property 'handleNewMessage' does not exist on type '{ components: { ContentButton: {}; CompleteButton: {}; QuizComponent: {}; }; data(): { shownIntro: boolean; }; mounted(): void; unmounted(): void; computed: { filteredMessages(): any[]; hasNoMessages(): boolean; newToLessons(): any; }; methods: { ...; }; }'.
    58 |   },
    59 |   mounted() {
  > 60 |     eventBus.on("message-recieved", this.handleNewMessage);
       |                                          ^^^^^^^^^^^^^^^^
    61 |   },
    62 |   unmounted() {
    63 |     eventBus.off("message-recieved");

ERROR in src/components/Chat/ChatConversation.vue:73:11
TS7005: Variable 'msgs' implicitly has an 'any[]' type.
    71 |
    72 |       const inputStore = useInputStore();
  > 73 |       var msgs = messageStore.messages.filter(
       |           ^^^^
    74 |         (message) => message.role !== "system" && message.role !== "app"
    75 |       );
    76 |

ERROR in src/components/Chat/ChatConversation.vue:74:30
TS2339: Property 'role' does not exist on type 'never'.
    72 |       const inputStore = useInputStore();
    73 |       var msgs = messageStore.messages.filter(
  > 74 |         (message) => message.role !== "system" && message.role !== "app"
       |                              ^^^^
    75 |       );
    76 |
    77 |       let wasLastQuiz = false;

ERROR in src/components/Chat/ChatConversation.vue:74:59
TS2339: Property 'role' does not exist on type 'never'.
    72 |       const inputStore = useInputStore();
    73 |       var msgs = messageStore.messages.filter(
  > 74 |         (message) => message.role !== "system" && message.role !== "app"
       |                                                           ^^^^
    75 |       );
    76 |
    77 |       let wasLastQuiz = false;

ERROR in src/components/Chat/ChatConversation.vue:107:14
TS2339: Property 'handleNewMessage' does not exist on type '{ filteredMessages(): any[]; hasNoMessages(): boolean; newToLessons(): any; }'.
    105 |       // Single-message
    106 |       if (filteredMsgs.length === 2) {
  > 107 |         this.handleNewMessage();
        |              ^^^^^^^^^^^^^^^^
    108 |
    109 |         // New user
    110 |         if (this.$route.path === "/lessons" && !this.shownIntro) {

ERROR in src/components/Chat/ChatConversation.vue:110:18
TS2339: Property '$route' does not exist on type '{ filteredMessages(): any[]; hasNoMessages(): boolean; newToLessons(): any; }'.
    108 |
    109 |         // New user
  > 110 |         if (this.$route.path === "/lessons" && !this.shownIntro) {
        |                  ^^^^^^
    111 |           this.handleNewUser();
    112 |         }
    113 |       }

ERROR in src/components/Chat/ChatConversation.vue:110:54
TS2339: Property 'shownIntro' does not exist on type '{ filteredMessages(): any[]; hasNoMessages(): boolean; newToLessons(): any; }'.
    108 |
    109 |         // New user
  > 110 |         if (this.$route.path === "/lessons" && !this.shownIntro) {
        |                                                      ^^^^^^^^^^
    111 |           this.handleNewUser();
    112 |         }
    113 |       }

ERROR in src/components/Chat/ChatConversation.vue:111:16
TS2339: Property 'handleNewUser' does not exist on type '{ filteredMessages(): any[]; hasNoMessages(): boolean; newToLessons(): any; }'.
    109 |         // New user
    110 |         if (this.$route.path === "/lessons" && !this.shownIntro) {
  > 111 |           this.handleNewUser();
        |                ^^^^^^^^^^^^^
    112 |         }
    113 |       }
    114 |

ERROR in src/components/Chat/ChatConversation.vue:120:5
TS7023: 'newToLessons' implicitly has return type 'any' because it does not have a return type annotation and is referenced directly or indirectly in one of its return expressions.
    118 |       return this.filteredMessages.length === 0;
    119 |     },
  > 120 |     newToLessons() {
        |     ^^^^^^^^^^^^
    121 |       console.log(this.filteredMessages.length);
    122 |       return (
    123 |         this.$route.path === "/lessons" && this.filteredMessages.length === 2

ERROR in src/components/Chat/ChatConversation.vue:123:14
TS2339: Property '$route' does not exist on type '{ filteredMessages(): any[]; hasNoMessages(): boolean; newToLessons(): any; }'.
    121 |       console.log(this.filteredMessages.length);
    122 |       return (
  > 123 |         this.$route.path === "/lessons" && this.filteredMessages.length === 2
        |              ^^^^^^
    124 |       );
    125 |     },
    126 |   },

ERROR in src/components/Chat/ChatConversation.vue:133:12
TS2339: Property 'shownIntro' does not exist on type '{ handleNewUser(): void; handleNewMessage(): void; formatMessageContent(content: any): any; navigateToContent(role: any): void; isQuizMessage(msg: any): boolean; isChatMessage(role: any, type: any): any; isContentButton(role: any): any; isCompleted(role: any): any; isCompletionMessage(message: any): boolean; getCont...'.
    131 |       const mentorStore = useMentorStore();
    132 |       mentorStore.show();
  > 133 |       this.shownIntro = true;
        |            ^^^^^^^^^^
    134 |     },
    135 |     handleNewMessage() {
    136 |       // console.log("handling new message");

ERROR in src/components/Chat/ChatConversation.vue:137:12
TS2339: Property '$nextTick' does not exist on type '{ handleNewUser(): void; handleNewMessage(): void; formatMessageContent(content: any): any; navigateToContent(role: any): void; isQuizMessage(msg: any): boolean; isChatMessage(role: any, type: any): any; isContentButton(role: any): any; isCompleted(role: any): any; isCompletionMessage(message: any): boolean; getCont...'.
    135 |     handleNewMessage() {
    136 |       // console.log("handling new message");
  > 137 |       this.$nextTick(() => {
        |            ^^^^^^^^^
    138 |         setTimeout(() => {
    139 |           const messages = document.querySelectorAll(".chat-bubble");
    140 |           if (messages.length > 1) {

ERROR in src/components/Chat/ChatConversation.vue:142:66
TS2339: Property 'offsetTop' does not exist on type 'Element'.
    140 |           if (messages.length > 1) {
    141 |             const secondLastMessage = messages[messages.length - 2];
  > 142 |             eventBus.emit("scroll-to-message", secondLastMessage.offsetTop);
        |                                                                  ^^^^^^^^^
    143 |           }
    144 |         }, 300);
    145 |       });

ERROR in src/components/Chat/ChatConversation.vue:147:26
TS7006: Parameter 'content' implicitly has an 'any' type.
    145 |       });
    146 |     },
  > 147 |     formatMessageContent(content) {
        |                          ^^^^^^^
    148 |       let regex;
    149 |
    150 |       // Code block

ERROR in src/components/Chat/ChatConversation.vue:172:50
TS7006: Parameter '_match' implicitly has an 'any' type.
    170 |       // Headers
    171 |       regex = /^(#{1,6})\s*([^\n]+?)(?=\n|$)/gm;
  > 172 |       content = content.replace(regex, function (_match, hashes, text) {
        |                                                  ^^^^^^
    173 |         let level = hashes.length;
    174 |         return `<h${level}>${text.trim()}</h${level}>`;
    175 |       });

ERROR in src/components/Chat/ChatConversation.vue:172:58
TS7006: Parameter 'hashes' implicitly has an 'any' type.
    170 |       // Headers
    171 |       regex = /^(#{1,6})\s*([^\n]+?)(?=\n|$)/gm;
  > 172 |       content = content.replace(regex, function (_match, hashes, text) {
        |                                                          ^^^^^^
    173 |         let level = hashes.length;
    174 |         return `<h${level}>${text.trim()}</h${level}>`;
    175 |       });

ERROR in src/components/Chat/ChatConversation.vue:172:66
TS7006: Parameter 'text' implicitly has an 'any' type.
    170 |       // Headers
    171 |       regex = /^(#{1,6})\s*([^\n]+?)(?=\n|$)/gm;
  > 172 |       content = content.replace(regex, function (_match, hashes, text) {
        |                                                                  ^^^^
    173 |         let level = hashes.length;
    174 |         return `<h${level}>${text.trim()}</h${level}>`;
    175 |       });

ERROR in src/components/Chat/ChatConversation.vue:200:23
TS7006: Parameter 'role' implicitly has an 'any' type.
    198 |       return content;
    199 |     },
  > 200 |     navigateToContent(role) {
        |                       ^^^^
    201 |       if (typeof role === "undefined") {
    202 |         role = "";
    203 |       }

ERROR in src/components/Chat/ChatConversation.vue:204:12
TS2339: Property '$router' does not exist on type '{ handleNewUser(): void; handleNewMessage(): void; formatMessageContent(content: any): any; navigateToContent(role: any): void; isQuizMessage(msg: any): boolean; isChatMessage(role: any, type: any): any; isContentButton(role: any): any; isCompleted(role: any): any; isCompletionMessage(message: any): boolean; getCont...'.
    202 |         role = "";
    203 |       }
  > 204 |       this.$router.push(`/${role}`);
        |            ^^^^^^^
    205 |     },
    206 |     isQuizMessage(msg) {
    207 |       let role = msg.role;

ERROR in src/components/Chat/ChatConversation.vue:206:19
TS7006: Parameter 'msg' implicitly has an 'any' type.
    204 |       this.$router.push(`/${role}`);
    205 |     },
  > 206 |     isQuizMessage(msg) {
        |                   ^^^
    207 |       let role = msg.role;
    208 |       let type = msg.type;
    209 |       return role === "assistant" && type === "quiz";

ERROR in src/components/Chat/ChatConversation.vue:211:19
TS7006: Parameter 'role' implicitly has an 'any' type.
    209 |       return role === "assistant" && type === "quiz";
    210 |     },
  > 211 |     isChatMessage(role, type) {
        |                   ^^^^
    212 |       return (
    213 |         role.startsWith("user") ||
    214 |         (role.startsWith("assistant") && type !== "quiz") ||

ERROR in src/components/Chat/ChatConversation.vue:211:25
TS7006: Parameter 'type' implicitly has an 'any' type.
    209 |       return role === "assistant" && type === "quiz";
    210 |     },
  > 211 |     isChatMessage(role, type) {
        |                         ^^^^
    212 |       return (
    213 |         role.startsWith("user") ||
    214 |         (role.startsWith("assistant") && type !== "quiz") ||

ERROR in src/components/Chat/ChatConversation.vue:218:21
TS7006: Parameter 'role' implicitly has an 'any' type.
    216 |       );
    217 |     },
  > 218 |     isContentButton(role) {
        |                     ^^^^
    219 |       return role.startsWith("challenge/") || role.startsWith("lesson/");
    220 |     },
    221 |     isCompleted(role) {

ERROR in src/components/Chat/ChatConversation.vue:221:17
TS7006: Parameter 'role' implicitly has an 'any' type.
    219 |       return role.startsWith("challenge/") || role.startsWith("lesson/");
    220 |     },
  > 221 |     isCompleted(role) {
        |                 ^^^^
    222 |       return role.includes("?completed");
    223 |     },
    224 |     isCompletionMessage(message) {

ERROR in src/components/Chat/ChatConversation.vue:224:25
TS7006: Parameter 'message' implicitly has an 'any' type.
    222 |       return role.includes("?completed");
    223 |     },
  > 224 |     isCompletionMessage(message) {
        |                         ^^^^^^^
    225 |       let result = message.role == "complete";
    226 |       if (result) {
    227 |         const inputStore = useInputStore();

ERROR in src/components/Chat/ChatConversation.vue:232:20
TS7006: Parameter 'role' implicitly has an 'any' type.
    230 |       return result;
    231 |     },
  > 232 |     getContentType(role) {
        |                    ^^^^
    233 |       if (role.startsWith("challenge/")) {
    234 |         return "challenge";
    235 |       } else {

ERROR in src/scripts/placeholderTyping.ts:6:9
TS7034: Variable 'timer' implicitly has type 'any' in some locations where its type cannot be determined.
    4 |     let text = '';
    5 |     let typingSpeed = 75;
  > 6 |     let timer = null;
      |         ^^^^^
    7 |
    8 |     function type() {
    9 |         let currentTopic = topics[currentIndex];

ERROR in src/scripts/placeholderTyping.ts:34:22
TS7005: Variable 'timer' implicitly has an 'any' type.
    32 |         }
    33 |
  > 34 |         clearTimeout(timer);
       |                      ^^^^^
    35 |         timer = setTimeout(type, typeSpeed);
    36 |     }
    37 |

ERROR in src/scripts/placeholderTyping.ts:39:31
TS7005: Variable 'timer' implicitly has an 'any' type.
    37 |
    38 |     type();
  > 39 |     return () => clearTimeout(timer);
       |                               ^^^^^
    40 | }
    41 |
    42 | export function stopTypingEffect(stopFunction) {

ERROR in src/scripts/placeholderTyping.ts:42:34
TS7006: Parameter 'stopFunction' implicitly has an 'any' type.
    40 | }
    41 |
  > 42 | export function stopTypingEffect(stopFunction) {
       |                                  ^^^^^^^^^^^^
    43 |     stopFunction();
    44 | }
    45 |

Build finished at 14:38:02 by 0.000s
[2K[1A[2K[GBuild finished at 14:38:02 by 0.000s
[2K[1A[2K[GBuild finished at 14:38:02 by 0.000s
[2K[1A[2K[GBuild finished at 14:38:02 by 0.000s
[2K[1A[2K[GBuild finished at 14:38:02 by 0.000s
[2K[1A[2K[GBuild finished at 14:38:02 by 0.000s
[2K[1A[2K[G